This is pdfTeX, Version 3.14159265-2.6-1.40.20 (MiKTeX 2.9.7250 64-bit) (preloaded format=pdflatex 2020.1.13)  5 MAY 2020 22:54
entering extended mode
**./refman.tex
(refman.tex
LaTeX2e <2019-10-01> patch level 3

("C:\Users\annuszulfiqar\AppData\Local\Programs\MiKTeX 2.9\tex/latex/base\book.
cls"
Document Class: book 2019/10/25 v1.4k Standard LaTeX document class

("C:\Users\annuszulfiqar\AppData\Local\Programs\MiKTeX 2.9\tex/latex/base\bk10.
clo"
File: bk10.clo 2019/10/25 v1.4k Standard LaTeX file (size option)
)
\c@part=\count80
\c@chapter=\count81
\c@section=\count82
\c@subsection=\count83
\c@subsubsection=\count84
\c@paragraph=\count85
\c@subparagraph=\count86
\c@figure=\count87
\c@table=\count88
\abovecaptionskip=\skip41
\belowcaptionskip=\skip42
\bibindent=\dimen102
)
("C:\Users\annuszulfiqar\AppData\Local\Programs\MiKTeX 2.9\tex/latex/base\ifthe
n.sty"
Package: ifthen 2014/09/29 v1.1c Standard LaTeX ifthen package (DPC)
)
("C:\Users\annuszulfiqar\AppData\Local\Programs\MiKTeX 2.9\tex/latex/tools\arra
y.sty"
Rollback for package 'array' requested -> date 2016-10-06.
         Best approximation is the release introduced on 2016-10-06.

("C:\Users\annuszulfiqar\AppData\Local\Programs\MiKTeX 2.9\tex/latex/tools\arra
y-2016-10-06.sty"
Package: array 2016/10/06 v2.4d Tabular extension package (FMi)
\col@sep=\dimen103
\extrarowheight=\dimen104
\NC@list=\toks14
\extratabsurround=\skip43
\backup@length=\skip44
))
("C:\Users\annuszulfiqar\AppData\Local\Programs\MiKTeX 2.9\tex/latex/base\fixlt
x2e.sty"
Package: fixltx2e 2016/12/29 v2.1a fixes to LaTeX (obsolete)
Applying: [2015/01/01] Old fixltx2e package on input line 46.


Package fixltx2e Warning: fixltx2e is not required with releases after 2015
(fixltx2e)                All fixes are now in the LaTeX kernel.
(fixltx2e)                See the latexrelease package for details.

Already applied: [0000/00/00] Old fixltx2e package on input line 53.
)
("C:\Users\annuszulfiqar\AppData\Local\Programs\MiKTeX 2.9\tex/latex/tools\calc
.sty"
Package: calc 2017/05/25 v4.3 Infix arithmetic (KKT,FJ)
\calc@Acount=\count89
\calc@Bcount=\count90
\calc@Adimen=\dimen105
\calc@Bdimen=\dimen106
\calc@Askip=\skip45
\calc@Bskip=\skip46
LaTeX Info: Redefining \setlength on input line 80.
LaTeX Info: Redefining \addtolength on input line 81.
\calc@Ccount=\count91
\calc@Cskip=\skip47
) (doxygen.sty
Package: doxygen 

("C:\Users\annuszulfiqar\AppData\Local\Programs\MiKTeX 2.9\tex/latex/base\alltt
.sty"
Package: alltt 1997/06/16 v2.0g defines alltt environment
)
("C:\Users\annuszulfiqar\AppData\Local\Programs\MiKTeX 2.9\tex/latex/float\floa
t.sty"
Package: float 2001/11/08 v1.3d Float enhancements (AL)
\c@float@type=\count92
\float@exts=\toks15
\float@box=\box27
\@float@everytoks=\toks16
\@floatcapt=\box28
)
("C:\Users\annuszulfiqar\AppData\Local\Programs\MiKTeX 2.9\tex/latex/tools\verb
atim.sty"
Package: verbatim 2019/11/10 v1.5r LaTeX2e package for verbatim enhancements
\every@verbatim=\toks17
\verbatim@line=\toks18
\verbatim@in@stream=\read1
)
("C:\Users\annuszulfiqar\AppData\Local\Programs\MiKTeX 2.9\tex/latex/xcolor\xco
lor.sty"
Package: xcolor 2016/05/11 v2.12 LaTeX color extensions (UK)

("C:\Users\annuszulfiqar\AppData\Local\Programs\MiKTeX 2.9\tex/latex/graphics-c
fg\color.cfg"
File: color.cfg 2016/01/02 v1.6 sample color configuration
)
Package xcolor Info: Driver file: pdftex.def on input line 225.

("C:\Users\annuszulfiqar\AppData\Local\Programs\MiKTeX 2.9\tex/latex/graphics-d
ef\pdftex.def"
File: pdftex.def 2018/01/08 v1.0l Graphics/color driver for pdftex
)
("C:\Users\annuszulfiqar\AppData\Local\Programs\MiKTeX 2.9\tex/latex/colortbl\c
olortbl.sty"
Package: colortbl 2018/12/12 v1.0d Color table columns (DPC)
\everycr=\toks19
\minrowclearance=\skip48
)
\rownum=\count93
Package xcolor Info: Model `cmy' substituted by `cmy0' on input line 1348.
Package xcolor Info: Model `hsb' substituted by `rgb' on input line 1352.
Package xcolor Info: Model `RGB' extended on input line 1364.
Package xcolor Info: Model `HTML' substituted by `rgb' on input line 1366.
Package xcolor Info: Model `Hsb' substituted by `hsb' on input line 1367.
Package xcolor Info: Model `tHsb' substituted by `hsb' on input line 1368.
Package xcolor Info: Model `HSB' substituted by `hsb' on input line 1369.
Package xcolor Info: Model `Gray' substituted by `gray' on input line 1370.
Package xcolor Info: Model `wave' substituted by `hsb' on input line 1371.
) (longtable_doxygen.sty
Package: longtable_doxygen 2014/10/28 v4.11 Multi-page Table package (DPC) - fr
ozen version for doxygen
\LTleft=\skip49
\LTright=\skip50
\LTpre=\skip51
\LTpost=\skip52
\LTchunksize=\count94
\LTcapwidth=\dimen107
\LT@head=\box29
\LT@firsthead=\box30
\LT@foot=\box31
\LT@lastfoot=\box32
\LT@cols=\count95
\LT@rows=\count96
\c@LT@tables=\count97
\c@LT@chunks=\count98
\LT@p@ftn=\toks20
) (tabu_doxygen.sty
Package: tabu_doxygen 2011/02/26 v2.8 - flexible LaTeX tabulars (FC), frozen ve
rsion for doxygen

("C:\Users\annuszulfiqar\AppData\Local\Programs\MiKTeX 2.9\tex/latex/varwidth\v
arwidth.sty"
Package: varwidth 2009/03/30 ver 0.92;  Variable-width minipages
\@vwid@box=\box33
\sift@deathcycles=\count99
\@vwid@loff=\dimen108
\@vwid@roff=\dimen109
)
\c@taburow=\count100
\tabu@nbcols=\count101
\tabu@cnt=\count102
\tabu@Xcol=\count103
\tabu@alloc=\count104
\tabu@nested=\count105
\tabu@target=\dimen110
\tabu@spreadtarget=\dimen111
\tabu@naturalX=\dimen112
\tabucolX=\dimen113
\tabu@Xsum=\dimen114
\extrarowdepth=\dimen115
\abovetabulinesep=\dimen116
\belowtabulinesep=\dimen117
\tabustrutrule=\dimen118
\tabu@thebody=\toks21
\tabu@footnotes=\toks22
\tabu@box=\box34
\tabu@arstrutbox=\box35
\tabu@hleads=\box36
\tabu@vleads=\box37
\tabu@cellskip=\skip53
)
("C:\Users\annuszulfiqar\AppData\Local\Programs\MiKTeX 2.9\tex/latex/fancyvrb\f
ancyvrb.sty"
Package: fancyvrb 2020/01/13 v3.5 verbatim text (tvz,hv)

("C:\Users\annuszulfiqar\AppData\Local\Programs\MiKTeX 2.9\tex/latex/graphics\k
eyval.sty"
Package: keyval 2014/10/28 v1.15 key=value parser (DPC)
\KV@toks@=\toks23
)
\FV@CodeLineNo=\count106
\FV@InFile=\read2
\FV@TabBox=\box38
\c@FancyVerbLine=\count107
\FV@StepNumber=\count108
\FV@OutFile=\write3
)
("C:\Users\annuszulfiqar\AppData\Local\Programs\MiKTeX 2.9\tex/latex/tools\tabu
larx.sty"
Package: tabularx 2016/02/03 v2.11b `tabularx' package (DPC)
\TX@col@width=\dimen119
\TX@old@table=\dimen120
\TX@old@col=\dimen121
\TX@target=\dimen122
\TX@delta=\dimen123
\TX@cols=\count109
\TX@ftn=\toks24
)
("C:\Users\annuszulfiqar\AppData\Local\Programs\MiKTeX 2.9\tex/latex/multirow\m
ultirow.sty"
Package: multirow 2019/05/31 v2.5 Span multiple rows of a table
\multirow@colwidth=\skip54
\multirow@cntb=\count110
\multirow@dima=\skip55
\bigstrutjot=\dimen124
)
("C:\Users\annuszulfiqar\AppData\Local\Programs\MiKTeX 2.9\tex/latex/hanging\ha
nging.sty"
Package: hanging 2009/09/02 v1.2b hanging paragraphs and punctuation
\h@ngcommawd=\skip56
\h@ngfstopwd=\skip57
\h@ngquotewd=\skip58
\h@ngdquotewd=\skip59
\h@ngquerywd=\skip60
\h@ngexclwd=\skip61
\h@ngcolonwd=\skip62
\h@ngscolonwd=\skip63
)
("C:\Users\annuszulfiqar\AppData\Local\Programs\MiKTeX 2.9\tex/generic/iftex\if
pdf.sty"
Package: ifpdf 2019/10/25 v3.4 ifpdf legacy package. Use iftex instead.

("C:\Users\annuszulfiqar\AppData\Local\Programs\MiKTeX 2.9\tex/generic/iftex\if
tex.sty"
Package: iftex 2019/11/07 v1.0c TeX engine tests
))
("C:\Users\annuszulfiqar\AppData\Local\Programs\MiKTeX 2.9\tex/latex/adjustbox\
adjustbox.sty"
Package: adjustbox 2019/01/04 v1.2 Adjusting TeX boxes (trim, clip, ...)

("C:\Users\annuszulfiqar\AppData\Local\Programs\MiKTeX 2.9\tex/latex/xkeyval\xk
eyval.sty"
Package: xkeyval 2014/12/03 v2.7a package option processing (HA)

("C:\Users\annuszulfiqar\AppData\Local\Programs\MiKTeX 2.9\tex/generic/xkeyval\
xkeyval.tex"
("C:\Users\annuszulfiqar\AppData\Local\Programs\MiKTeX 2.9\tex/generic/xkeyval\
xkvutils.tex"
\XKV@toks=\toks25
\XKV@tempa@toks=\toks26
)
\XKV@depth=\count111
File: xkeyval.tex 2014/12/03 v2.7a key=value parser (HA)
))
("C:\Users\annuszulfiqar\AppData\Local\Programs\MiKTeX 2.9\tex/latex/adjustbox\
adjcalc.sty"
Package: adjcalc 2012/05/16 v1.1 Provides advanced setlength with multiple back
-ends (calc, etex, pgfmath)
)
("C:\Users\annuszulfiqar\AppData\Local\Programs\MiKTeX 2.9\tex/latex/adjustbox\
trimclip.sty"
Package: trimclip 2018/04/08 v1.1 Trim and clip general TeX material

("C:\Users\annuszulfiqar\AppData\Local\Programs\MiKTeX 2.9\tex/latex/graphics\g
raphicx.sty"
Package: graphicx 2017/06/01 v1.1a Enhanced LaTeX Graphics (DPC,SPQR)

("C:\Users\annuszulfiqar\AppData\Local\Programs\MiKTeX 2.9\tex/latex/graphics\g
raphics.sty"
Package: graphics 2019/11/01 v1.3d Standard LaTeX Graphics (DPC,SPQR)

("C:\Users\annuszulfiqar\AppData\Local\Programs\MiKTeX 2.9\tex/latex/graphics\t
rig.sty"
Package: trig 2016/01/03 v1.10 sin cos tan (DPC)
)
("C:\Users\annuszulfiqar\AppData\Local\Programs\MiKTeX 2.9\tex/latex/graphics-c
fg\graphics.cfg"
File: graphics.cfg 2016/06/04 v1.11 sample graphics configuration
)
Package graphics Info: Driver file: pdftex.def on input line 105.
)
\Gin@req@height=\dimen125
\Gin@req@width=\dimen126
)
("C:\Users\annuszulfiqar\AppData\Local\Programs\MiKTeX 2.9\tex/latex/collectbox
\collectbox.sty"
Package: collectbox 2012/05/17 v0.4b Collect macro arguments as boxes
\collectedbox=\box39
)
\tc@llx=\dimen127
\tc@lly=\dimen128
\tc@urx=\dimen129
\tc@ury=\dimen130
Package trimclip Info: Using driver 'tc-pdftex.def'.

("C:\Users\annuszulfiqar\AppData\Local\Programs\MiKTeX 2.9\tex/latex/adjustbox\
tc-pdftex.def"
File: tc-pdftex.def 2019/01/04 v2.2 Clipping driver for pdftex
))
\adjbox@Width=\dimen131
\adjbox@Height=\dimen132
\adjbox@Depth=\dimen133
\adjbox@Totalheight=\dimen134
\adjbox@pwidth=\dimen135
\adjbox@pheight=\dimen136
\adjbox@pdepth=\dimen137
\adjbox@ptotalheight=\dimen138

("C:\Users\annuszulfiqar\AppData\Local\Programs\MiKTeX 2.9\tex/latex/ifoddpage\
ifoddpage.sty"
Package: ifoddpage 2016/04/23 v1.1 Conditionals for odd/even page detection
\c@checkoddpage=\count112
))
("C:\Users\annuszulfiqar\AppData\Local\Programs\MiKTeX 2.9\tex/latex/amsfonts\a
mssymb.sty"
Package: amssymb 2013/01/14 v3.01 AMS font symbols

("C:\Users\annuszulfiqar\AppData\Local\Programs\MiKTeX 2.9\tex/latex/amsfonts\a
msfonts.sty"
Package: amsfonts 2013/01/14 v3.01 Basic AMSFonts support
\@emptytoks=\toks27
\symAMSa=\mathgroup4
\symAMSb=\mathgroup5
LaTeX Font Info:    Redeclaring math symbol \hbar on input line 98.
LaTeX Font Info:    Overwriting math alphabet `\mathfrak' in version `bold'
(Font)                  U/euf/m/n --> U/euf/b/n on input line 106.
))
("C:\Users\annuszulfiqar\AppData\Local\Programs\MiKTeX 2.9\tex/latex/stackengin
e\stackengine.sty"
Package: stackengine 2017/02/13 v4.01\ Stacking text and objects in convenient 
ways

("C:\Users\annuszulfiqar\AppData\Local\Programs\MiKTeX 2.9\tex/latex/etoolbox\e
toolbox.sty"
Package: etoolbox 2019/09/21 v2.5h e-TeX tools for LaTeX (JAW)
\etb@tempcnta=\count113
)
("C:\Users\annuszulfiqar\AppData\Local\Programs\MiKTeX 2.9\tex/latex/listofitem
s\listofitems.sty"
("C:\Users\annuszulfiqar\AppData\Local\Programs\MiKTeX 2.9\tex/generic/listofit
ems\listofitems.tex"
\loi_cnt_foreach_nest=\count114
\loi_nestcnt=\count115
)
Package: listofitems 2019/08/21 v1.63 Grab items in lists using user-specified 
sep char (CT)
)
\c@@stackindex=\count116
\@boxshift=\skip64
\stack@tmplength=\skip65
\temp@stkl=\skip66
\@stackedboxwidth=\skip67
\@addedbox=\box40
\@anchorbox=\box41
\stackedbox=\box42
\@centerbox=\box43
\c@ROWcellindex@=\count117
)
("C:\Users\annuszulfiqar\AppData\Local\Programs\MiKTeX 2.9\tex/latex/ulem\ulem.
sty"
\UL@box=\box44
\UL@hyphenbox=\box45
\UL@skip=\skip68
\UL@hook=\toks28
\UL@height=\dimen139
\UL@pe=\count118
\UL@pixel=\dimen140
\ULC@box=\box46
Package: ulem 2012/05/18
\ULdepth=\dimen141
)
\xrefbox=\box47
\xreflength=\skip69
\CodeWidthChar=\skip70
\CodeHeightChar=\skip71
\DoxyCodeWidth=\skip72
)
("C:\Users\annuszulfiqar\AppData\Local\Programs\MiKTeX 2.9\tex/latex/base\input
enc.sty"
Package: inputenc 2018/08/11 v1.3c Input encoding file
\inpenc@prehook=\toks29
\inpenc@posthook=\toks30
)
("C:\Users\annuszulfiqar\AppData\Local\Programs\MiKTeX 2.9\tex/latex/base\makei
dx.sty"
Package: makeidx 2014/09/29 v1.0m Standard LaTeX package
)
("C:\Users\annuszulfiqar\AppData\Local\Programs\MiKTeX 2.9\tex/latex/tools\mult
icol.sty"
Package: multicol 2019/03/01 v1.8w multicolumn formatting (FMi)
\c@tracingmulticols=\count119
\mult@box=\box48
\multicol@leftmargin=\dimen142
\c@unbalance=\count120
\c@collectmore=\count121
\doublecol@number=\count122
\multicoltolerance=\count123
\multicolpretolerance=\count124
\full@width=\dimen143
\page@free=\dimen144
\premulticols=\dimen145
\postmulticols=\dimen146
\multicolsep=\skip73
\multicolbaselineskip=\skip74
\partial@page=\box49
\last@line=\box50
\maxbalancingoverflow=\dimen147
\mult@rightbox=\box51
\mult@grightbox=\box52
\mult@gfirstbox=\box53
\mult@firstbox=\box54
\@tempa=\box55
\@tempa=\box56
\@tempa=\box57
\@tempa=\box58
\@tempa=\box59
\@tempa=\box60
\@tempa=\box61
\@tempa=\box62
\@tempa=\box63
\@tempa=\box64
\@tempa=\box65
\@tempa=\box66
\@tempa=\box67
\@tempa=\box68
\@tempa=\box69
\@tempa=\box70
\@tempa=\box71
\c@minrows=\count125
\c@columnbadness=\count126
\c@finalcolumnbadness=\count127
\last@try=\dimen148
\multicolovershoot=\dimen149
\multicolundershoot=\dimen150
\mult@nat@firstbox=\box72
\colbreak@box=\box73
\mc@col@check@num=\count128
)
("C:\Users\annuszulfiqar\AppData\Local\Programs\MiKTeX 2.9\tex/latex/base\textc
omp.sty"
Package: textcomp 2018/08/11 v2.0j Standard LaTeX package
Package textcomp Info: Sub-encoding information:
(textcomp)               5 = only ISO-Adobe without \textcurrency
(textcomp)               4 = 5 + \texteuro
(textcomp)               3 = 4 + \textohm
(textcomp)               2 = 3 + \textestimated + \textcurrency
(textcomp)               1 = TS1 - \textcircled - \t
(textcomp)               0 = TS1 (full)
(textcomp)             Font families with sub-encoding setting implement
(textcomp)             only a restricted character set as indicated.
(textcomp)             Family '?' is the default used for unknown fonts.
(textcomp)             See the documentation for details.
Package textcomp Info: Setting ? sub-encoding to TS1/1 on input line 79.

("C:\Users\annuszulfiqar\AppData\Local\Programs\MiKTeX 2.9\tex/latex/base\ts1en
c.def"
File: ts1enc.def 2001/06/05 v3.0e (jk/car/fm) Standard LaTeX file
Now handling font encoding TS1 ...
... processing UTF-8 mapping file for font encoding TS1

("C:\Users\annuszulfiqar\AppData\Local\Programs\MiKTeX 2.9\tex/latex/base\ts1en
c.dfu"
File: ts1enc.dfu 2019/07/11 v1.2j UTF-8 support for inputenc
   defining Unicode char U+00A2 (decimal 162)
   defining Unicode char U+00A3 (decimal 163)
   defining Unicode char U+00A4 (decimal 164)
   defining Unicode char U+00A5 (decimal 165)
   defining Unicode char U+00A6 (decimal 166)
   defining Unicode char U+00A7 (decimal 167)
   defining Unicode char U+00A8 (decimal 168)
   defining Unicode char U+00A9 (decimal 169)
   defining Unicode char U+00AA (decimal 170)
   defining Unicode char U+00AC (decimal 172)
   defining Unicode char U+00AE (decimal 174)
   defining Unicode char U+00AF (decimal 175)
   defining Unicode char U+00B0 (decimal 176)
   defining Unicode char U+00B1 (decimal 177)
   defining Unicode char U+00B2 (decimal 178)
   defining Unicode char U+00B3 (decimal 179)
   defining Unicode char U+00B4 (decimal 180)
   defining Unicode char U+00B5 (decimal 181)
   defining Unicode char U+00B6 (decimal 182)
   defining Unicode char U+00B7 (decimal 183)
   defining Unicode char U+00B9 (decimal 185)
   defining Unicode char U+00BA (decimal 186)
   defining Unicode char U+00BC (decimal 188)
   defining Unicode char U+00BD (decimal 189)
   defining Unicode char U+00BE (decimal 190)
   defining Unicode char U+00D7 (decimal 215)
   defining Unicode char U+00F7 (decimal 247)
   defining Unicode char U+0192 (decimal 402)
   defining Unicode char U+02C7 (decimal 711)
   defining Unicode char U+02D8 (decimal 728)
   defining Unicode char U+02DD (decimal 733)
   defining Unicode char U+0E3F (decimal 3647)
   defining Unicode char U+2016 (decimal 8214)
   defining Unicode char U+2020 (decimal 8224)
   defining Unicode char U+2021 (decimal 8225)
   defining Unicode char U+2022 (decimal 8226)
   defining Unicode char U+2030 (decimal 8240)
   defining Unicode char U+2031 (decimal 8241)
   defining Unicode char U+203B (decimal 8251)
   defining Unicode char U+203D (decimal 8253)
   defining Unicode char U+2044 (decimal 8260)
   defining Unicode char U+204E (decimal 8270)
   defining Unicode char U+2052 (decimal 8274)
   defining Unicode char U+20A1 (decimal 8353)
   defining Unicode char U+20A4 (decimal 8356)
   defining Unicode char U+20A6 (decimal 8358)
   defining Unicode char U+20A9 (decimal 8361)
   defining Unicode char U+20AB (decimal 8363)
   defining Unicode char U+20AC (decimal 8364)
   defining Unicode char U+20B1 (decimal 8369)
   defining Unicode char U+2103 (decimal 8451)
   defining Unicode char U+2116 (decimal 8470)
   defining Unicode char U+2117 (decimal 8471)
   defining Unicode char U+211E (decimal 8478)
   defining Unicode char U+2120 (decimal 8480)
   defining Unicode char U+2122 (decimal 8482)
   defining Unicode char U+2126 (decimal 8486)
   defining Unicode char U+2127 (decimal 8487)
   defining Unicode char U+212E (decimal 8494)
   defining Unicode char U+2190 (decimal 8592)
   defining Unicode char U+2191 (decimal 8593)
   defining Unicode char U+2192 (decimal 8594)
   defining Unicode char U+2193 (decimal 8595)
   defining Unicode char U+2329 (decimal 9001)
   defining Unicode char U+232A (decimal 9002)
   defining Unicode char U+2422 (decimal 9250)
   defining Unicode char U+25E6 (decimal 9702)
   defining Unicode char U+25EF (decimal 9711)
   defining Unicode char U+266A (decimal 9834)
   defining Unicode char U+27E8 (decimal 10216)
   defining Unicode char U+27E9 (decimal 10217)
   defining Unicode char U+FEFF (decimal 65279)
))
LaTeX Info: Redefining \oldstylenums on input line 334.
Package textcomp Info: Setting cmr sub-encoding to TS1/0 on input line 349.
Package textcomp Info: Setting cmss sub-encoding to TS1/0 on input line 350.
Package textcomp Info: Setting cmtt sub-encoding to TS1/0 on input line 351.
Package textcomp Info: Setting cmvtt sub-encoding to TS1/0 on input line 352.
Package textcomp Info: Setting cmbr sub-encoding to TS1/0 on input line 353.
Package textcomp Info: Setting cmtl sub-encoding to TS1/0 on input line 354.
Package textcomp Info: Setting ccr sub-encoding to TS1/0 on input line 355.
Package textcomp Info: Setting ptm sub-encoding to TS1/4 on input line 356.
Package textcomp Info: Setting pcr sub-encoding to TS1/4 on input line 357.
Package textcomp Info: Setting phv sub-encoding to TS1/4 on input line 358.
Package textcomp Info: Setting ppl sub-encoding to TS1/3 on input line 359.
Package textcomp Info: Setting pag sub-encoding to TS1/4 on input line 360.
Package textcomp Info: Setting pbk sub-encoding to TS1/4 on input line 361.
Package textcomp Info: Setting pnc sub-encoding to TS1/4 on input line 362.
Package textcomp Info: Setting pzc sub-encoding to TS1/4 on input line 363.
Package textcomp Info: Setting bch sub-encoding to TS1/4 on input line 364.
Package textcomp Info: Setting put sub-encoding to TS1/5 on input line 365.
Package textcomp Info: Setting uag sub-encoding to TS1/5 on input line 366.
Package textcomp Info: Setting ugq sub-encoding to TS1/5 on input line 367.
Package textcomp Info: Setting ul8 sub-encoding to TS1/4 on input line 368.
Package textcomp Info: Setting ul9 sub-encoding to TS1/4 on input line 369.
Package textcomp Info: Setting augie sub-encoding to TS1/5 on input line 370.
Package textcomp Info: Setting dayrom sub-encoding to TS1/3 on input line 371.
Package textcomp Info: Setting dayroms sub-encoding to TS1/3 on input line 372.

Package textcomp Info: Setting pxr sub-encoding to TS1/0 on input line 373.
Package textcomp Info: Setting pxss sub-encoding to TS1/0 on input line 374.
Package textcomp Info: Setting pxtt sub-encoding to TS1/0 on input line 375.
Package textcomp Info: Setting txr sub-encoding to TS1/0 on input line 376.
Package textcomp Info: Setting txss sub-encoding to TS1/0 on input line 377.
Package textcomp Info: Setting txtt sub-encoding to TS1/0 on input line 378.
Package textcomp Info: Setting lmr sub-encoding to TS1/0 on input line 379.
Package textcomp Info: Setting lmdh sub-encoding to TS1/0 on input line 380.
Package textcomp Info: Setting lmss sub-encoding to TS1/0 on input line 381.
Package textcomp Info: Setting lmssq sub-encoding to TS1/0 on input line 382.
Package textcomp Info: Setting lmvtt sub-encoding to TS1/0 on input line 383.
Package textcomp Info: Setting lmtt sub-encoding to TS1/0 on input line 384.
Package textcomp Info: Setting qhv sub-encoding to TS1/0 on input line 385.
Package textcomp Info: Setting qag sub-encoding to TS1/0 on input line 386.
Package textcomp Info: Setting qbk sub-encoding to TS1/0 on input line 387.
Package textcomp Info: Setting qcr sub-encoding to TS1/0 on input line 388.
Package textcomp Info: Setting qcs sub-encoding to TS1/0 on input line 389.
Package textcomp Info: Setting qpl sub-encoding to TS1/0 on input line 390.
Package textcomp Info: Setting qtm sub-encoding to TS1/0 on input line 391.
Package textcomp Info: Setting qzc sub-encoding to TS1/0 on input line 392.
Package textcomp Info: Setting qhvc sub-encoding to TS1/0 on input line 393.
Package textcomp Info: Setting futs sub-encoding to TS1/4 on input line 394.
Package textcomp Info: Setting futx sub-encoding to TS1/4 on input line 395.
Package textcomp Info: Setting futj sub-encoding to TS1/4 on input line 396.
Package textcomp Info: Setting hlh sub-encoding to TS1/3 on input line 397.
Package textcomp Info: Setting hls sub-encoding to TS1/3 on input line 398.
Package textcomp Info: Setting hlst sub-encoding to TS1/3 on input line 399.
Package textcomp Info: Setting hlct sub-encoding to TS1/5 on input line 400.
Package textcomp Info: Setting hlx sub-encoding to TS1/5 on input line 401.
Package textcomp Info: Setting hlce sub-encoding to TS1/5 on input line 402.
Package textcomp Info: Setting hlcn sub-encoding to TS1/5 on input line 403.
Package textcomp Info: Setting hlcw sub-encoding to TS1/5 on input line 404.
Package textcomp Info: Setting hlcf sub-encoding to TS1/5 on input line 405.
Package textcomp Info: Setting pplx sub-encoding to TS1/3 on input line 406.
Package textcomp Info: Setting pplj sub-encoding to TS1/3 on input line 407.
Package textcomp Info: Setting ptmx sub-encoding to TS1/4 on input line 408.
Package textcomp Info: Setting ptmj sub-encoding to TS1/4 on input line 409.
)
("C:\Users\annuszulfiqar\AppData\Local\Programs\MiKTeX 2.9\tex/generic/iftex\if
xetex.sty"
Package: ifxetex 2019/10/25 v0.7 ifxetex legacy package. Use iftex instead.
)
("C:\Users\annuszulfiqar\AppData\Local\Programs\MiKTeX 2.9\tex/latex/base\fonte
nc.sty"
Package: fontenc 2018/08/11 v2.0j Standard LaTeX package

("C:\Users\annuszulfiqar\AppData\Local\Programs\MiKTeX 2.9\tex/latex/base\t1enc
.def"
File: t1enc.def 2018/08/11 v2.0j Standard LaTeX file
LaTeX Font Info:    Redeclaring font encoding T1 on input line 48.
))
("C:\Users\annuszulfiqar\AppData\Local\Programs\MiKTeX 2.9\tex/latex/psnfss\hel
vet.sty"
Package: helvet 2005/04/12 PSNFSS-v9.2a (WaS) 
)
("C:\Users\annuszulfiqar\AppData\Local\Programs\MiKTeX 2.9\tex/latex/psnfss\cou
rier.sty"
Package: courier 2005/04/12 PSNFSS-v9.2a (WaS) 
)
("C:\Users\annuszulfiqar\AppData\Local\Programs\MiKTeX 2.9\tex/latex/sectsty\se
ctsty.sty"
Package: sectsty 2002/02/25 v2.0.2 Commands to change all sectional heading sty
les


LaTeX Warning: Command \underbar  has changed.
               Check if current package is valid.


LaTeX Warning: Command \underline  has changed.
               Check if current package is valid.

)
("C:\Users\annuszulfiqar\AppData\Local\Programs\MiKTeX 2.9\tex/latex/geometry\g
eometry.sty"
Package: geometry 2020/01/02 v5.9 Page Geometry

("C:\Users\annuszulfiqar\AppData\Local\Programs\MiKTeX 2.9\tex/generic/iftex\if
vtex.sty"
Package: ifvtex 2019/10/25 v1.7 ifvtex legacy package. Use iftex instead.
)
\Gm@cnth=\count129
\Gm@cntv=\count130
\c@Gm@tempcnt=\count131
\Gm@bindingoffset=\dimen151
\Gm@wd@mp=\dimen152
\Gm@odd@mp=\dimen153
\Gm@even@mp=\dimen154
\Gm@layoutwidth=\dimen155
\Gm@layoutheight=\dimen156
\Gm@layouthoffset=\dimen157
\Gm@layoutvoffset=\dimen158
\Gm@dimlist=\toks31

("C:\Users\annuszulfiqar\AppData\Local\Programs\MiKTeX 2.9\tex/latex/geometry\g
eometry.cfg"))
("C:\Users\annuszulfiqar\AppData\Local\Programs\MiKTeX 2.9\tex/latex/fancyhdr\f
ancyhdr.sty"
Package: fancyhdr 2019/01/31 v3.10 Extensive control of page headers and footer
s
\f@nch@headwidth=\skip75
\f@nch@O@elh=\skip76
\f@nch@O@erh=\skip77
\f@nch@O@olh=\skip78
\f@nch@O@orh=\skip79
\f@nch@O@elf=\skip80
\f@nch@O@erf=\skip81
\f@nch@O@olf=\skip82
\f@nch@O@orf=\skip83
)
("C:\Users\annuszulfiqar\AppData\Local\Programs\MiKTeX 2.9\tex/latex/natbib\nat
bib.sty"
Package: natbib 2010/09/13 8.31b (PWD, AO)
\bibhang=\skip84
\bibsep=\skip85
LaTeX Info: Redefining \cite on input line 694.
\c@NAT@ctr=\count132
)
\@indexfile=\write4
\openout4 = `refman.idx'.


Writing index file refman.idx

("C:\Users\annuszulfiqar\AppData\Local\Programs\MiKTeX 2.9\tex/latex/newunicode
char\newunicodechar.sty"
Package: newunicodechar 2018/04/08 v1.2 Defining Unicode characters
)

Package newunicodechar Warning: Redefining Unicode character on input line 116.



Package newunicodechar Warning: Redefining Unicode character on input line 117.



("C:\Users\annuszulfiqar\AppData\Local\Programs\MiKTeX 2.9\tex/latex/hyperref\h
yperref.sty"
Package: hyperref 2019/11/10 v7.00c Hypertext links for LaTeX

("C:\Users\annuszulfiqar\AppData\Local\Programs\MiKTeX 2.9\tex/generic/oberdiek
\ltxcmds.sty"
Package: ltxcmds 2016/05/16 v1.23 LaTeX kernel commands for general use (HO)
)
("C:\Users\annuszulfiqar\AppData\Local\Programs\MiKTeX 2.9\tex/latex/pdftexcmds
\pdftexcmds.sty"
Package: pdftexcmds 2019/11/24 v0.31 Utility functions of pdfTeX for LuaTeX (HO
)

("C:\Users\annuszulfiqar\AppData\Local\Programs\MiKTeX 2.9\tex/generic/oberdiek
\infwarerr.sty"
Package: infwarerr 2016/05/16 v1.4 Providing info/warning/error messages (HO)
)
Package pdftexcmds Info: \pdf@primitive is available.
Package pdftexcmds Info: \pdf@ifprimitive is available.
Package pdftexcmds Info: \pdfdraftmode found.
)
("C:\Users\annuszulfiqar\AppData\Local\Programs\MiKTeX 2.9\tex/generic/oberdiek
\kvsetkeys.sty"
Package: kvsetkeys 2016/05/16 v1.17 Key value parser (HO)

("C:\Users\annuszulfiqar\AppData\Local\Programs\MiKTeX 2.9\tex/generic/oberdiek
\etexcmds.sty"
Package: etexcmds 2016/05/16 v1.6 Avoid name clashes with e-TeX commands (HO)

("C:\Users\annuszulfiqar\AppData\Local\Programs\MiKTeX 2.9\tex/generic/iftex\if
luatex.sty"
Package: ifluatex 2019/10/25 v1.5 ifluatex legacy package. Use iftex instead.
)))
("C:\Users\annuszulfiqar\AppData\Local\Programs\MiKTeX 2.9\tex/generic/oberdiek
\kvdefinekeys.sty"
Package: kvdefinekeys 2016/05/16 v1.4 Define keys (HO)
)
("C:\Users\annuszulfiqar\AppData\Local\Programs\MiKTeX 2.9\tex/generic/oberdiek
\pdfescape.sty"
Package: pdfescape 2016/05/16 v1.14 Implements pdfTeX's escape features (HO)
)
("C:\Users\annuszulfiqar\AppData\Local\Programs\MiKTeX 2.9\tex/latex/oberdiek\h
ycolor.sty"
Package: hycolor 2016/05/16 v1.8 Color options for hyperref/bookmark (HO)

("C:\Users\annuszulfiqar\AppData\Local\Programs\MiKTeX 2.9\tex/latex/oberdiek\x
color-patch.sty"
Package: xcolor-patch 2016/05/16 xcolor patch

("C:\Users\annuszulfiqar\AppData\Local\Programs\MiKTeX 2.9\tex/latex/oberdiek\h
opatch.sty"
Package: hopatch 2016/05/16 v1.3 Wrapper for package hooks (HO)
)))
("C:\Users\annuszulfiqar\AppData\Local\Programs\MiKTeX 2.9\tex/latex/oberdiek\l
etltxmacro.sty"
Package: letltxmacro 2016/05/16 v1.5 Let assignment for LaTeX macros (HO)
)
("C:\Users\annuszulfiqar\AppData\Local\Programs\MiKTeX 2.9\tex/latex/oberdiek\a
uxhook.sty"
Package: auxhook 2016/05/16 v1.4 Hooks for auxiliary files (HO)
)
("C:\Users\annuszulfiqar\AppData\Local\Programs\MiKTeX 2.9\tex/latex/oberdiek\k
voptions.sty"
Package: kvoptions 2016/05/16 v3.12 Key value format for package options (HO)
)
\@linkdim=\dimen159
\Hy@linkcounter=\count133
\Hy@pagecounter=\count134

("C:\Users\annuszulfiqar\AppData\Local\Programs\MiKTeX 2.9\tex/latex/hyperref\p
d1enc.def"
File: pd1enc.def 2019/11/10 v7.00c Hyperref: PDFDocEncoding definition (HO)
Now handling font encoding PD1 ...
... no UTF-8 mapping file for font encoding PD1
)
("C:\Users\annuszulfiqar\AppData\Local\Programs\MiKTeX 2.9\tex/generic/oberdiek
\intcalc.sty"
Package: intcalc 2016/05/16 v1.2 Expandable calculations with integers (HO)
)
\Hy@SavedSpaceFactor=\count135

("C:\Users\annuszulfiqar\AppData\Local\Programs\MiKTeX 2.9\tex/latex/00miktex\h
yperref.cfg"
File: hyperref.cfg 2002/06/06 v1.2 hyperref configuration of TeXLive
)
Package hyperref Info: Hyper figures OFF on input line 4535.
Package hyperref Info: Link nesting OFF on input line 4540.
Package hyperref Info: Hyper index ON on input line 4543.
Package hyperref Info: Plain pages OFF on input line 4550.
Package hyperref Info: Backreferencing ON on input line 4553.
Package hyperref Info: Implicit mode ON; LaTeX internals redefined.
Package hyperref Info: Bookmarks ON on input line 4788.

("C:\Users\annuszulfiqar\AppData\Local\Programs\MiKTeX 2.9\tex/latex/hyperref\b
ackref.sty"
Package: backref 2016/05/21 v1.39 Bibliographical back referencing

("C:\Users\annuszulfiqar\AppData\Local\Programs\MiKTeX 2.9\tex/latex/oberdiek\r
erunfilecheck.sty"
Package: rerunfilecheck 2016/05/16 v1.8 Rerun checks for auxiliary files (HO)

("C:\Users\annuszulfiqar\AppData\Local\Programs\MiKTeX 2.9\tex/latex/oberdiek\a
tveryend.sty"
Package: atveryend 2016/05/16 v1.9 Hooks at the very end of document (HO)
)
("C:\Users\annuszulfiqar\AppData\Local\Programs\MiKTeX 2.9\tex/generic/oberdiek
\uniquecounter.sty"
Package: uniquecounter 2016/05/16 v1.3 Provide unlimited unique counter (HO)

("C:\Users\annuszulfiqar\AppData\Local\Programs\MiKTeX 2.9\tex/generic/oberdiek
\bigintcalc.sty"
Package: bigintcalc 2016/05/16 v1.4 Expandable calculations on big integers (HO
)
))
Package uniquecounter Info: New unique counter `rerunfilecheck' on input line 2
85.
))
\c@Hy@tempcnt=\count136

("C:\Users\annuszulfiqar\AppData\Local\Programs\MiKTeX 2.9\tex/latex/url\url.st
y"
\Urlmuskip=\muskip10
Package: url 2013/09/16  ver 3.4  Verb mode for urls, etc.
)
LaTeX Info: Redefining \url on input line 5147.
\XeTeXLinkMargin=\dimen160

("C:\Users\annuszulfiqar\AppData\Local\Programs\MiKTeX 2.9\tex/generic/oberdiek
\bitset.sty"
Package: bitset 2016/05/16 v1.2 Handle bit-vector datatype (HO)
)
\Fld@menulength=\count137
\Field@Width=\dimen161
\Fld@charsize=\dimen162
Package hyperref Info: Hyper figures OFF on input line 6418.
Package hyperref Info: Link nesting OFF on input line 6423.
Package hyperref Info: Hyper index ON on input line 6426.
Package hyperref Info: backreferencing ON on input line 6431.
Package hyperref Info: Link coloring OFF on input line 6438.
Package hyperref Info: Link coloring with OCG OFF on input line 6443.
Package hyperref Info: PDF/A mode OFF on input line 6448.
LaTeX Info: Redefining \ref on input line 6488.
LaTeX Info: Redefining \pageref on input line 6492.

("C:\Users\annuszulfiqar\AppData\Local\Programs\MiKTeX 2.9\tex/generic/oberdiek
\atbegshi.sty"
Package: atbegshi 2016/06/09 v1.18 At begin shipout hook (HO)
)
\Hy@abspage=\count138
\c@Item=\count139
\c@Hfootnote=\count140
)
Package hyperref Info: Driver: hpdftex.

("C:\Users\annuszulfiqar\AppData\Local\Programs\MiKTeX 2.9\tex/latex/hyperref\h
pdftex.def"
File: hpdftex.def 2019/11/10 v7.00c Hyperref driver for pdfTeX
\Fld@listcount=\count141
\c@bookmark@seq@number=\count142
\Hy@SectionHShift=\skip86
)
Package hyperref Info: Option `colorlinks' set `true' on input line 135.
Package hyperref Info: Option `unicode' set `true' on input line 135.

("C:\Users\annuszulfiqar\AppData\Local\Programs\MiKTeX 2.9\tex/latex/hyperref\p
uenc.def"
File: puenc.def 2019/11/10 v7.00c Hyperref: PDF Unicode definition (HO)
Now handling font encoding PU ...
... no UTF-8 mapping file for font encoding PU
)
("C:\Users\annuszulfiqar\AppData\Local\Programs\MiKTeX 2.9\tex/latex/caption\ca
ption.sty"
Package: caption 2020/01/03 v3.4h Customizing captions (AR)

("C:\Users\annuszulfiqar\AppData\Local\Programs\MiKTeX 2.9\tex/latex/caption\ca
ption3.sty"
Package: caption3 2020/01/03 v1.8h caption3 kernel (AR)
Package caption3 Info: TeX engine: e-TeX on input line 61.
\captionmargin=\dimen163
\captionmargin@=\dimen164
\captionwidth=\dimen165
\caption@tempdima=\dimen166
\caption@indent=\dimen167
\caption@parindent=\dimen168
\caption@hangindent=\dimen169
Package caption Info: Standard document class detected.
)
\c@caption@flags=\count143
\c@continuedfloat=\count144
Package caption Info: float package is loaded.
Package caption Info: hyperref package is loaded.
Package caption Info: longtable package is loaded.

("C:\Users\annuszulfiqar\AppData\Local\Programs\MiKTeX 2.9\tex/latex/caption\lt
caption.sty"
Package: ltcaption 2018/08/26 v1.4a longtable captions (AR)
))
("C:\Users\annuszulfiqar\AppData\Local\Programs\MiKTeX 2.9\tex/latex/etoc\etoc.
sty"
Package: etoc 2019/11/17 v1.09b Completely customisable TOCs (JFB)
\Etoc@toctoks=\toks32
\c@etoc@tocid=\count145
\c@etoc@tocdepth=\count146
\etoc@framed@titlebox=\box74
\etoc@framed@contentsbox=\box75
) (refman.aux)
\openout1 = `refman.aux'.

LaTeX Font Info:    Checking defaults for OML/cmm/m/it on input line 150.
LaTeX Font Info:    ... okay on input line 150.
LaTeX Font Info:    Checking defaults for T1/cmr/m/n on input line 150.
LaTeX Font Info:    ... okay on input line 150.
LaTeX Font Info:    Checking defaults for OT1/cmr/m/n on input line 150.
LaTeX Font Info:    ... okay on input line 150.
LaTeX Font Info:    Checking defaults for OMS/cmsy/m/n on input line 150.
LaTeX Font Info:    ... okay on input line 150.
LaTeX Font Info:    Checking defaults for OMX/cmex/m/n on input line 150.
LaTeX Font Info:    ... okay on input line 150.
LaTeX Font Info:    Checking defaults for U/cmr/m/n on input line 150.
LaTeX Font Info:    ... okay on input line 150.
LaTeX Font Info:    Checking defaults for TS1/cmr/m/n on input line 150.
LaTeX Font Info:    Trying to load font information for TS1+cmr on input line 1
50.

("C:\Users\annuszulfiqar\AppData\Local\Programs\MiKTeX 2.9\tex/latex/base\ts1cm
r.fd"
File: ts1cmr.fd 2014/09/29 v2.5h Standard LaTeX font definitions
)
LaTeX Font Info:    ... okay on input line 150.
LaTeX Font Info:    Checking defaults for PD1/pdf/m/n on input line 150.
LaTeX Font Info:    ... okay on input line 150.
LaTeX Font Info:    Checking defaults for PU/pdf/m/n on input line 150.
LaTeX Font Info:    ... okay on input line 150.
LaTeX Font Info:    Trying to load font information for T1+phv on input line 15
0.

("C:\Users\annuszulfiqar\AppData\Local\Programs\MiKTeX 2.9\tex/latex/psnfss\t1p
hv.fd"
File: t1phv.fd 2001/06/04 scalable font definitions for T1/phv.
)
LaTeX Font Info:    Font shape `T1/phv/m/n' will be
(Font)              scaled to size 8.99994pt on input line 150.

("C:\Users\annuszulfiqar\AppData\Local\Programs\MiKTeX 2.9\tex/context/base/mki
i\supp-pdf.mkii"
[Loading MPS to PDF converter (version 2006.09.02).]
\scratchcounter=\count147
\scratchdimen=\dimen170
\scratchbox=\box76
\nofMPsegments=\count148
\nofMParguments=\count149
\everyMPshowfont=\toks33
\MPscratchCnt=\count150
\MPscratchDim=\dimen171
\MPnumerator=\count151
\makeMPintoPDFobject=\count152
\everyMPtoPDFconversion=\toks34
)
("C:\Users\annuszulfiqar\AppData\Local\Programs\MiKTeX 2.9\tex/latex/epstopdf-p
kg\epstopdf-base.sty"
Package: epstopdf-base 2019/11/24 v2.7 Base part for package epstopdf

("C:\Users\annuszulfiqar\AppData\Local\Programs\MiKTeX 2.9\tex/latex/oberdiek\g
rfext.sty"
Package: grfext 2016/05/16 v1.2 Manage graphics extensions (HO)
)
Package epstopdf-base Info: Redefining graphics rule for `.eps' on input line 4
42.
Package grfext Info: Graphics extension search list:
(grfext)             [.pdf,.png,.jpg,.mps,.jpeg,.jbig2,.jb2,.PDF,.PNG,.JPG,.JPE
G,.JBIG2,.JB2,.eps]
(grfext)             \AppendGraphicsExtensions on input line 460.
)
*geometry* driver: auto-detecting
*geometry* detected driver: pdftex
*geometry* verbose mode - [ preamble ] result:
* driver: pdftex
* paper: a4paper
* layout: <same size as paper>
* layoutoffset:(h,v)=(0.0pt,0.0pt)
* modes: twoside 
* h-part:(L,W,R)=(71.13188pt, 455.24411pt, 71.13188pt)
* v-part:(T,H,B)=(71.13188pt, 702.78308pt, 71.13188pt)
* \paperwidth=597.50787pt
* \paperheight=845.04684pt
* \textwidth=455.24411pt
* \textheight=702.78308pt
* \oddsidemargin=-1.1381pt
* \evensidemargin=-1.1381pt
* \topmargin=-31.2056pt
* \headheight=12.0pt
* \headsep=18.06749pt
* \topskip=10.0pt
* \footskip=25.29494pt
* \marginparwidth=125.0pt
* \marginparsep=7.0pt
* \columnsep=10.0pt
* \skip\footins=9.0pt plus 4.0pt minus 2.0pt
* \hoffset=0.0pt
* \voffset=0.0pt
* \mag=1000
* \@twocolumnfalse
* \@twosidetrue
* \@mparswitchtrue
* \@reversemarginfalse
* (1in=72.27pt=25.4mm, 1cm=28.453pt)

Package backref Info: ** backref set up for natbib ** on input line 150.
\AtBeginShipoutBox=\box77
Package hyperref Info: Link coloring ON on input line 150.

("C:\Users\annuszulfiqar\AppData\Local\Programs\MiKTeX 2.9\tex/latex/hyperref\n
ameref.sty"
Package: nameref 2019/09/16 v2.46 Cross-referencing by name of section

("C:\Users\annuszulfiqar\AppData\Local\Programs\MiKTeX 2.9\tex/latex/oberdiek\r
efcount.sty"
Package: refcount 2016/05/16 v3.5 Data extraction from label references (HO)
)
("C:\Users\annuszulfiqar\AppData\Local\Programs\MiKTeX 2.9\tex/generic/oberdiek
\gettitlestring.sty"
Package: gettitlestring 2016/05/16 v1.5 Cleanup title references (HO)
)
\c@section@level=\count153
)
LaTeX Info: Redefining \ref on input line 150.
LaTeX Info: Redefining \pageref on input line 150.
LaTeX Info: Redefining \nameref on input line 150.
 (refman.out) (refman.out)
\@outlinefile=\write5
\openout5 = `refman.out'.

Package caption Info: Begin \AtBeginDocument code.
Package caption Info: End \AtBeginDocument code.
\Etoc@tf=\read3
Package hyperref Info: Option `pageanchor' set `false' on input line 156.
Package hyperref Info: Option `bookmarksnumbered' set `true' on input line 156.

Package hyperref Info: Option `unicode' set `true' on input line 156.
LaTeX Font Info:    Font shape `T1/phv/m/n' will be
(Font)              scaled to size 12.9599pt on input line 161.
LaTeX Font Info:    Font shape `T1/phv/m/n' will be
(Font)              scaled to size 6.29996pt on input line 161.
LaTeX Font Info:    Trying to load font information for U+msa on input line 161
.

("C:\Users\annuszulfiqar\AppData\Local\Programs\MiKTeX 2.9\tex/latex/amsfonts\u
msa.fd"
File: umsa.fd 2013/01/14 v3.01 AMS symbols A
)
LaTeX Font Info:    Trying to load font information for U+msb on input line 161
.

("C:\Users\annuszulfiqar\AppData\Local\Programs\MiKTeX 2.9\tex/latex/amsfonts\u
msb.fd"
File: umsb.fd 2013/01/14 v3.01 AMS symbols B
)
LaTeX Font Info:    Font shape `T1/phv/m/n' will be
(Font)              scaled to size 10.79993pt on input line 163.
 [1


{C:/Users/annuszulfiqar/AppData/Local/MiKTeX/2.9/pdftex/config/pdftex.map}] [2

]
\tf@toc=\write6
\openout6 = `refman.toc'.

LaTeX Font Info:    Font shape `T1/phv/bx/n' in size <10> not available
(Font)              Font shape `T1/phv/b/n' tried instead on input line 169.
LaTeX Font Info:    Font shape `T1/phv/b/n' will be
(Font)              scaled to size 8.99994pt on input line 169.
LaTeX Font Info:    Font shape `T1/phv/bx/n' in size <7> not available
(Font)              Font shape `T1/phv/b/n' tried instead on input line 169.
LaTeX Font Info:    Font shape `T1/phv/b/n' will be
(Font)              scaled to size 6.29996pt on input line 169.
 [1] [2]
Package hyperref Info: Option `pageanchor' set `true' on input line 171.

Chapter 1.
LaTeX Font Info:    Font shape `T1/phv/m/n' will be
(Font)              scaled to size 18.66588pt on input line 174.
LaTeX Font Info:    Font shape `T1/phv/bx/n' in size <20.74> not available
(Font)              Font shape `T1/phv/b/n' tried instead on input line 174.
LaTeX Font Info:    Font shape `T1/phv/b/n' will be
(Font)              scaled to size 18.66588pt on input line 174.
LaTeX Font Info:    Font shape `T1/phv/bc/n' will be
(Font)              scaled to size 18.66588pt on input line 174.
LaTeX Font Info:    Font shape `T1/phv/m/n' will be
(Font)              scaled to size 22.39185pt on input line 174.
LaTeX Font Info:    Font shape `T1/phv/bx/n' in size <24.88> not available
(Font)              Font shape `T1/phv/b/n' tried instead on input line 174.
LaTeX Font Info:    Font shape `T1/phv/b/n' will be
(Font)              scaled to size 22.39185pt on input line 174.
LaTeX Font Info:    Font shape `T1/phv/bc/n' will be
(Font)              scaled to size 22.39185pt on input line 174.
LaTeX Font Info:    Font shape `T1/phv/bc/n' will be
(Font)              scaled to size 6.29996pt on input line 174.
(index.tex
LaTeX Font Info:    Font shape `T1/phv/bx/n' in size <14.4> not available
(Font)              Font shape `T1/phv/b/n' tried instead on input line 1.
LaTeX Font Info:    Font shape `T1/phv/b/n' will be
(Font)              scaled to size 12.9599pt on input line 1.
LaTeX Font Info:    Font shape `T1/phv/bx/n' in size <12> not available
(Font)              Font shape `T1/phv/b/n' tried instead on input line 3.
LaTeX Font Info:    Font shape `T1/phv/b/n' will be
(Font)              scaled to size 10.79993pt on input line 3.
) [1


] [2

]
Chapter 2.
(annotated.tex) [3] [4

]
Chapter 3.
(files.tex) [5] [6

]
Chapter 4.
(structpseudo__clock.tex
LaTeX Font Info:    Trying to load font information for T1+pcr on input line 5.


("C:\Users\annuszulfiqar\AppData\Local\Programs\MiKTeX 2.9\tex/latex/psnfss\t1p
cr.fd"
File: t1pcr.fd 2001/06/04 font definitions for T1/pcr.
)
LaTeX Font Info:    Trying to load font information for TS1+phv on input line 1
0.

("C:\Users\annuszulfiqar\AppData\Local\Programs\MiKTeX 2.9\tex/latex/psnfss\ts1
phv.fd"
File: ts1phv.fd 2001/06/04 scalable font definitions for TS1/phv.
)
LaTeX Font Info:    Font shape `TS1/phv/m/n' will be
(Font)              scaled to size 8.99994pt on input line 10.
LaTeX Font Info:    Font shape `T1/phv/m/n' will be
(Font)              scaled to size 7.19995pt on input line 32.
 [7]) [8]
Chapter 5.
(main_8c.tex
Underfull \hbox (badness 10000) in paragraph at lines 3--4

 []


Overfull \hbox (90.29964pt too wide) in paragraph at lines 51--53
[]\T1/phv/m/n/10 uint8[]_[]t [] [][][] = {[], [],
 []

[9

]
LaTeX Font Info:    Font shape `T1/pcr/m/it' in size <8> not available
(Font)              Font shape `T1/pcr/m/sl' tried instead on input line 95.
 [10] [11]
Overfull \hbox (29.5562pt too wide) in paragraph at lines 166--167
\T1/pcr/m/n/8 uint8[]_[]t Machine[]_[]status[][][] = {[], [],
 []

[12] [13]
Underfull \hbox (badness 10000) in paragraph at lines 283--284

 []

) (_communication_8c.tex [14]
Underfull \hbox (badness 10000) in paragraph at lines 3--4

 []


Underfull \hbox (badness 800) in paragraph at lines 7--9
[]\T1/phv/m/n/10 void [] (uint8[]_[]t S[]S[]N[]_[][]Socket, uint8[]_[]t $\OMS/c
msy/m/n/10 $[]\T1/phv/m/n/10 , uint16[]_[]t [],
 []


Underfull \hbox (badness 1436) in paragraph at lines 17--19
\T1/phv/m/n/10 uint16[]_[]t [], uint8[]_[]t $\OMS/cmsy/m/n/10 $[]\T1/phv/m/n/1
0 , uint8[]_[]t $\OMS/cmsy/m/n/10 $[]\T1/phv/m/n/10 , uint8[]
 []


Underfull \hbox (badness 1629) in paragraph at lines 17--19
\T1/phv/m/n/10 _[]t $\OMS/cmsy/m/n/10 $[]\T1/phv/m/n/10 , uint8[]_[]t $\OMS/cm
sy/m/n/10 $[]\T1/phv/m/n/10 , uint8[]_[]t $\OMS/cmsy/m/n/10 $[]\T1/phv/m/n/10
 , uint32[]_[]
 []


Underfull \hbox (badness 1210) in paragraph at lines 21--23
\T1/phv/m/n/10 uint8[]_[]t $\OMS/cmsy/m/n/10 $[]\T1/phv/m/n/10 , uint8[]_[]t $
\OMS/cmsy/m/n/10 $[]\T1/phv/m/n/10 ,
 []

LaTeX Font Info:    Font shape `T1/pcr/m/it' in size <7> not available
(Font)              Font shape `T1/pcr/m/sl' tried instead on input line 32.
[15]
Underfull \hbox (badness 10000) detected at line 55
[][][]
 []

[16]
Underfull \hbox (badness 10000) detected at line 88
[][][]
 []

[17] [18] [19]) (_communication_8h.tex
Underfull \hbox (badness 10000) in paragraph at lines 3--9

 []


Underfull \hbox (badness 800) in paragraph at lines 12--14
[]\T1/phv/m/n/10 void [] (uint8[]_[]t S[]S[]N[]_[][]Socket, uint8[]_[]t $\OMS/c
msy/m/n/10 $[]\T1/phv/m/n/10 , uint16[]_[]t [],
 []


Underfull \hbox (badness 1436) in paragraph at lines 22--24
\T1/phv/m/n/10 uint16[]_[]t [], uint8[]_[]t $\OMS/cmsy/m/n/10 $[]\T1/phv/m/n/1
0 , uint8[]_[]t $\OMS/cmsy/m/n/10 $[]\T1/phv/m/n/10 , uint8[]
 []


Underfull \hbox (badness 1629) in paragraph at lines 22--24
\T1/phv/m/n/10 _[]t $\OMS/cmsy/m/n/10 $[]\T1/phv/m/n/10 , uint8[]_[]t $\OMS/cm
sy/m/n/10 $[]\T1/phv/m/n/10 , uint8[]_[]t $\OMS/cmsy/m/n/10 $[]\T1/phv/m/n/10
 , uint32[]_[]
 []


Underfull \hbox (badness 1210) in paragraph at lines 26--28
\T1/phv/m/n/10 uint8[]_[]t $\OMS/cmsy/m/n/10 $[]\T1/phv/m/n/10 , uint8[]_[]t $
\OMS/cmsy/m/n/10 $[]\T1/phv/m/n/10 ,
 []

[20]
Underfull \hbox (badness 10000) detected at line 60
[][][]
 []

[21]
Underfull \hbox (badness 10000) detected at line 93
[][][]
 []

[22] [23] [24]) (_connection_8c.tex
Underfull \hbox (badness 10000) in paragraph at lines 3--4

 []

[25]
Underfull \hbox (badness 10000) detected at line 26
[][][]
 []

) (_connection_8h.tex
Underfull \hbox (badness 10000) in paragraph at lines 3--6

 []


Underfull \hbox (badness 10000) detected at line 28
[][][]
 []

) (current__sensor_8c.tex
Underfull \hbox (badness 10000) in paragraph at lines 3--4

 []

[26]
Overfull \hbox (122.82632pt too wide) in paragraph at lines 34--35
[]\T1/phv/m/n/10 void [] (uint8[]_[]t $\OMS/cmsy/m/n/10 $[]\T1/phv/m/n/10 , ui
nt8[]_[]t $\OMS/cmsy/m/n/10 $[]\T1/phv/m/n/10 ,
 []


Overfull \hbox (52.70595pt too wide) in paragraph at lines 34--35
\T1/phv/m/n/10 uint8[]_[]t $\OMS/cmsy/m/n/10 $[]\T1/phv/m/n/10 , uint8[]_[]t $
\OMS/cmsy/m/n/10 $[]\T1/phv/m/n/10 , uint8[]_[]t $\OMS/cmsy/m/n/10 $[]\T1/phv
/m/n/10 ,
 []


Underfull \hbox (badness 10000) in paragraph at lines 49--50
\T1/pcr/m/n/8 #define P[]A[]R[]A[]M2 A[]D[]C[]_[][]V[]R[]E[]F[]_[][]A[]V[]D[]D[
]_[][]A[]V[]SS $\OMS/cmsy/m/n/8 j$ \T1/pcr/m/n/8 A[]D[]C[]_[][]O[]F[]F[]S[]E[]T
[]_[][]C[]A[]L[]_[][]D[]I[]S[]A[]B[]LE $\OMS/cmsy/m/n/8 j$ \T1/pcr/m/n/8 A[]D[]
C[]_[][]S[]C[]A[]N[]_[][]ON $\OMS/cmsy/m/n/8 j$ \T1/pcr/m/n/8 A[]D[]C[]_[][]S[]
A[]M[]P[]L[]E[]S[]_[][]P[]E[]R[]_[][]I[]N[]T[]
 []


Underfull \hbox (badness 10000) in paragraph at lines 67--68
\T1/pcr/m/n/8 #define P[]A[]R[]A[]M5 S[]K[]I[]P[]_[][]S[]C[]A[]N[]_[][]A[]N4 $\
OMS/cmsy/m/n/8 j$ \T1/pcr/m/n/8 S[]K[]I[]P[]_[][]S[]C[]A[]N[]_[][]A[]N5 $\OMS/c
msy/m/n/8 j$ \T1/pcr/m/n/8 S[]K[]I[]P[]_[][]S[]C[]A[]N[]_[][]A[]N6 $\OMS/cmsy/m
/n/8 j$ \T1/pcr/m/n/8 S[]K[]I[]P[]_[][]S[]C[]A[]N[]_[][]A[]N7 $\OMS/cmsy/m/n/8 
j$ \T1/pcr/m/n/8 S[]K[]I[]P[]_[][]S[]C[]A[]N[]_[][]A[]N8 $\OMS/cmsy/m/n/8 j$
 []


Underfull \hbox (badness 10000) in paragraph at lines 67--68
\T1/pcr/m/n/8 S[]K[]I[]P[]_[][]S[]C[]A[]N[]_[][]A[]N9 $\OMS/cmsy/m/n/8 j$ \T1/p
cr/m/n/8 S[]K[]I[]P[]_[][]S[]C[]A[]N[]_[][]A[]N10 $\OMS/cmsy/m/n/8 j$ \T1/pcr/m
/n/8 S[]K[]I[]P[]_[][]S[]C[]A[]N[]_[][]A[]N11 $\OMS/cmsy/m/n/8 j$ \T1/pcr/m/n/8
 S[]K[]I[]P[]_[][]S[]C[]A[]N[]_[][]A[]N12 $\OMS/cmsy/m/n/8 j$ \T1/pcr/m/n/8 S[]
K[]I[]P[]_[][]S[]C[]A[]N[]_[][]A[]N13 $\OMS/cmsy/m/n/8 j$ \T1/pcr/m/n/8 S[]K[]I
[]P[]_[][]S[]C[]A[]N[]
 []

[27]
Overfull \vbox (32.07564pt too high) has occurred while \output is active []


[28]
Underfull \hbox (badness 10000) detected at line 104
[][][]
 []


Underfull \hbox (badness 10000) detected at line 124
[][][]
 []

[29]
Underfull \hbox (badness 10000) detected at line 144
[][][]
 []

[30]
Underfull \hbox (badness 10000) detected at line 189
[][][]
 []

) (current__sensor_8h.tex
Underfull \hbox (badness 10000) in paragraph at lines 3--6

 []


Overfull \hbox (41.73123pt too wide) in paragraph at lines 22--27
[]\T1/phv/m/n/10 enum [] { [] =0, [], [], []
 []


Overfull \hbox (122.82632pt too wide) in paragraph at lines 45--46
[]\T1/phv/m/n/10 void [] (uint8[]_[]t $\OMS/cmsy/m/n/10 $[]\T1/phv/m/n/10 , ui
nt8[]_[]t $\OMS/cmsy/m/n/10 $[]\T1/phv/m/n/10 ,
 []


Overfull \hbox (52.70595pt too wide) in paragraph at lines 45--46
\T1/phv/m/n/10 uint8[]_[]t $\OMS/cmsy/m/n/10 $[]\T1/phv/m/n/10 , uint8[]_[]t $
\OMS/cmsy/m/n/10 $[]\T1/phv/m/n/10 , uint8[]_[]t $\OMS/cmsy/m/n/10 $[]\T1/phv
/m/n/10 ,
 []

[31] [32]

Package longtable Warning: Column widths have changed
(longtable)                in table 5.27 on input line 111.

[33]
Underfull \hbox (badness 10000) detected at line 147
[][][]
 []


Underfull \hbox (badness 10000) detected at line 167
[][][]
 []

[34]
Underfull \hbox (badness 10000) detected at line 187
[][][]
 []

[35]
Underfull \hbox (badness 10000) detected at line 232
[][][]
 []

) (eeprom_8c.tex
Underfull \hbox (badness 10000) in paragraph at lines 3--4

 []

[36]
Underfull \hbox (badness 10000) detected at line 44
[][][]
 []


Underfull \hbox (badness 10000) detected at line 53
[][][]
 []


Underfull \hbox (badness 10000) detected at line 73
[][][]
 []

[37]
Underfull \hbox (badness 10000) detected at line 89
[][][]
 []

[38]
Underfull \hbox (badness 10000) detected at line 130
[][][]
 []

[39]) (eeprom_8h.tex
Underfull \hbox (badness 10000) in paragraph at lines 3--7

 []

[40] [41] [42]

Package longtable Warning: Column widths have changed
(longtable)                in table 5.39 on input line 190.


Underfull \hbox (badness 10000) detected at line 200
[][][]
 []

[43]
Underfull \hbox (badness 10000) detected at line 209
[][][]
 []


Underfull \hbox (badness 10000) detected at line 229
[][][]
 []

[44]
Underfull \hbox (badness 10000) detected at line 245
[][][]
 []


Underfull \hbox (badness 10000) detected at line 286
[][][]
 []

[45]) (messages_8c.tex
Underfull \hbox (badness 10000) in paragraph at lines 3--4

 []

[46]
Underfull \hbox (badness 5288) in paragraph at lines 19--21
[]\T1/phv/m/n/10 uint8[]_[]t [] (uint8[]_[]t $\OMS/cmsy/m/n/10 $\T1/phv/m/n/10
 message[]_[]array, uint8[]_[]t $\OMS/cmsy/m/n/10 $\T1/phv/m/n/10 node[]_[]id,
 uint8[]_[]
 []


Overfull \hbox (24.16687pt too wide) in paragraph at lines 23--25
[]\T1/phv/m/n/10 uint8[]_[]t [] (uint8[]_[]t $\OMS/cmsy/m/n/10 $\T1/phv/m/n/10
 message[]_[]array, uint8[]_[]t $\OMS/cmsy/m/n/10 $\T1/phv/m/n/10 node[]_[]id,
 uint8[]_[]t $\OMS/cmsy/m/n/10 $[]\T1/phv/m/n/10 ,
 []


Underfull \hbox (badness 804) in paragraph at lines 23--25
\T1/phv/m/n/10 uint8[]_[]t $\OMS/cmsy/m/n/10 $[]\T1/phv/m/n/10 , uint8[]_[]t $
\OMS/cmsy/m/n/10 $[]\T1/phv/m/n/10 , uint8[]_[]t $\OMS/cmsy/m/n/10 $[]\T1/phv
/m/n/10 ,
 []


Package longtable Warning: Column widths have changed
(longtable)                in table 5.45 on input line 44.

[47]
Underfull \hbox (badness 10000) detected at line 45
[][][]
 []


Package longtable Warning: Column widths have changed
(longtable)                in table 5.46 on input line 60.


Underfull \hbox (badness 10000) detected at line 61
[][][]
 []


Package longtable Warning: Column widths have changed
(longtable)                in table 5.47 on input line 76.


Underfull \hbox (badness 10000) detected at line 77
[][][]
 []

[48]

Package longtable Warning: Column widths have changed
(longtable)                in table 5.48 on input line 92.


Underfull \hbox (badness 10000) detected at line 93
[][][]
 []


Package longtable Warning: Column widths have changed
(longtable)                in table 5.49 on input line 126.


Underfull \hbox (badness 10000) detected at line 127
[][][]
 []

[49]

Package longtable Warning: Column widths have changed
(longtable)                in table 5.50 on input line 142.


Underfull \hbox (badness 10000) detected at line 143
[][][]
 []


Package longtable Warning: Column widths have changed
(longtable)                in table 5.51 on input line 168.

[50]
Underfull \hbox (badness 10000) detected at line 169
[][][]
 []


Package longtable Warning: Column widths have changed
(longtable)                in table 5.52 on input line 182.


Underfull \hbox (badness 10000) detected at line 183
[][][]
 []

) (messages_8h.tex
Underfull \hbox (badness 10000) in paragraph at lines 3--9

 []

[51]
Underfull \hbox (badness 5288) in paragraph at lines 73--75
[]\T1/phv/m/n/10 uint8[]_[]t [] (uint8[]_[]t $\OMS/cmsy/m/n/10 $\T1/phv/m/n/10
 message[]_[]array, uint8[]_[]t $\OMS/cmsy/m/n/10 $\T1/phv/m/n/10 node[]_[]id,
 uint8[]_[]
 []


Overfull \hbox (24.16687pt too wide) in paragraph at lines 75--77
[]\T1/phv/m/n/10 uint8[]_[]t [] (uint8[]_[]t $\OMS/cmsy/m/n/10 $\T1/phv/m/n/10
 message[]_[]array, uint8[]_[]t $\OMS/cmsy/m/n/10 $\T1/phv/m/n/10 node[]_[]id,
 uint8[]_[]t $\OMS/cmsy/m/n/10 $[]\T1/phv/m/n/10 ,
 []


Underfull \hbox (badness 804) in paragraph at lines 75--77
\T1/phv/m/n/10 uint8[]_[]t $\OMS/cmsy/m/n/10 $[]\T1/phv/m/n/10 , uint8[]_[]t $
\OMS/cmsy/m/n/10 $[]\T1/phv/m/n/10 , uint8[]_[]t $\OMS/cmsy/m/n/10 $[]\T1/phv
/m/n/10 ,
 []

[52] [53] [54]

Package longtable Warning: Column widths have changed
(longtable)                in table 5.53 on input line 243.


Overfull \vbox (10.61702pt too high) has occurred while \output is active []


[55]
Underfull \hbox (badness 10000) detected at line 244
[][][]
 []


Package longtable Warning: Column widths have changed
(longtable)                in table 5.54 on input line 259.


Underfull \hbox (badness 10000) detected at line 260
[][][]
 []


Package longtable Warning: Column widths have changed
(longtable)                in table 5.55 on input line 275.


Underfull \hbox (badness 10000) detected at line 276
[][][]
 []

[56]

Package longtable Warning: Column widths have changed
(longtable)                in table 5.56 on input line 291.


Underfull \hbox (badness 10000) detected at line 292
[][][]
 []


Package longtable Warning: Column widths have changed
(longtable)                in table 5.57 on input line 325.


Underfull \hbox (badness 10000) detected at line 326
[][][]
 []

[57]

Package longtable Warning: Column widths have changed
(longtable)                in table 5.58 on input line 341.


Underfull \hbox (badness 10000) detected at line 342
[][][]
 []


Package longtable Warning: Column widths have changed
(longtable)                in table 5.59 on input line 355.


Underfull \hbox (badness 10000) detected at line 356
[][][]
 []


Package longtable Warning: Column widths have changed
(longtable)                in table 5.60 on input line 369.

[58]
Underfull \hbox (badness 10000) detected at line 370
[][][]
 []

) (network_8c.tex
Underfull \hbox (badness 10000) in paragraph at lines 3--4

 []

[59]

Package longtable Warning: Column widths have changed
(longtable)                in table 5.61 on input line 70.


Underfull \hbox (badness 10000) detected at line 83
[][][]
 []


Package longtable Warning: Column widths have changed
(longtable)                in table 5.62 on input line 96.


Underfull \hbox (badness 10000) detected at line 97
[][][]
 []

[60]

Package longtable Warning: Column widths have changed
(longtable)                in table 5.63 on input line 124.


Underfull \hbox (badness 10000) detected at line 125
[][][]
 []


Package longtable Warning: Column widths have changed
(longtable)                in table 5.64 on input line 146.


Underfull \hbox (badness 10000) detected at line 147
[][][]
 []

[61]

Package longtable Warning: Column widths have changed
(longtable)                in table 5.65 on input line 166.


Package longtable Warning: Column widths have changed
(longtable)                in table 5.66 on input line 177.


Underfull \hbox (badness 10000) detected at line 178
[][][]
 []

[62]

Package longtable Warning: Column widths have changed
(longtable)                in table 5.67 on input line 225.


Underfull \hbox (badness 10000) detected at line 232
[][][]
 []

[63]

Package longtable Warning: Column widths have changed
(longtable)                in table 5.68 on input line 261.


Package longtable Warning: Column widths have changed
(longtable)                in table 5.69 on input line 272.

) (network_8h.tex
Underfull \hbox (badness 10000) in paragraph at lines 3--9

 []

[64]
LaTeX Font Info:    Font shape `T1/phv/m/n' will be
(Font)              scaled to size 8.09995pt on input line 87.
LaTeX Font Info:    Font shape `T1/phv/m/it' in size <9> not available
(Font)              Font shape `T1/phv/m/sl' tried instead on input line 87.
LaTeX Font Info:    Font shape `T1/phv/m/sl' will be
(Font)              scaled to size 8.09995pt on input line 87.
 [65] [66]

Package longtable Warning: Column widths have changed
(longtable)                in table 5.70 on input line 180.

[67]
Underfull \hbox (badness 10000) detected at line 193
[][][]
 []


Package longtable Warning: Column widths have changed
(longtable)                in table 5.71 on input line 206.


Underfull \hbox (badness 10000) detected at line 207
[][][]
 []

[68]

Package longtable Warning: Column widths have changed
(longtable)                in table 5.72 on input line 234.


Underfull \hbox (badness 10000) detected at line 235
[][][]
 []


Package longtable Warning: Column widths have changed
(longtable)                in table 5.73 on input line 256.


Underfull \hbox (badness 10000) detected at line 257
[][][]
 []

[69]

Package longtable Warning: Column widths have changed
(longtable)                in table 5.74 on input line 276.


Package longtable Warning: Column widths have changed
(longtable)                in table 5.75 on input line 287.


Underfull \hbox (badness 10000) detected at line 288
[][][]
 []

[70]

Package longtable Warning: Column widths have changed
(longtable)                in table 5.76 on input line 335.


Underfull \hbox (badness 10000) detected at line 342
[][][]
 []

[71]

Package longtable Warning: Column widths have changed
(longtable)                in table 5.77 on input line 371.


Package longtable Warning: Column widths have changed
(longtable)                in table 5.78 on input line 382.

) (pseudo__rtcc_8c.tex [72]
Underfull \hbox (badness 10000) in paragraph at lines 3--4

 []


Package longtable Warning: Column widths have changed
(longtable)                in table 5.79 on input line 35.

[73]

Package longtable Warning: Column widths have changed
(longtable)                in table 5.80 on input line 46.


Package longtable Warning: Column widths have changed
(longtable)                in table 5.81 on input line 57.


Package longtable Warning: Column widths have changed
(longtable)                in table 5.82 on input line 68.

) (pseudo__rtcc_8h.tex [74]
Underfull \hbox (badness 10000) in paragraph at lines 3--9

 []

[75]

Package longtable Warning: Column widths have changed
(longtable)                in table 5.83 on input line 69.


Package longtable Warning: Column widths have changed
(longtable)                in table 5.84 on input line 80.


Package longtable Warning: Column widths have changed
(longtable)                in table 5.85 on input line 91.

[76]

Package longtable Warning: Column widths have changed
(longtable)                in table 5.86 on input line 102.

) (temperature__sensor_8c.tex
Underfull \hbox (badness 10000) in paragraph at lines 3--4

 []

[77]
Underfull \hbox (badness 10000) detected at line 54
[][][]
 []

[78]

Package longtable Warning: Column widths have changed
(longtable)                in table 5.87 on input line 69.


Underfull \hbox (badness 10000) detected at line 70
[][][]
 []


Package longtable Warning: Column widths have changed
(longtable)                in table 5.88 on input line 85.


Underfull \hbox (badness 10000) detected at line 86
[][][]
 []


Underfull \hbox (badness 10000) detected at line 107
[][][]
 []

[79]

Package longtable Warning: Column widths have changed
(longtable)                in table 5.89 on input line 120.

[80]

Package longtable Warning: Column widths have changed
(longtable)                in table 5.90 on input line 163.


Underfull \hbox (badness 10000) detected at line 164
[][][]
 []


Package longtable Warning: Column widths have changed
(longtable)                in table 5.91 on input line 179.


Underfull \hbox (badness 10000) detected at line 180
[][][]
 []

) (temperature__sensor_8h.tex
Underfull \hbox (badness 10000) in paragraph at lines 3--6

 []

[81] [82] [83]
Underfull \hbox (badness 10000) detected at line 163
[][][]
 []

[84]

Package longtable Warning: Column widths have changed
(longtable)                in table 5.92 on input line 178.


Underfull \hbox (badness 10000) detected at line 179
[][][]
 []


Package longtable Warning: Column widths have changed
(longtable)                in table 5.93 on input line 194.


Underfull \hbox (badness 10000) detected at line 195
[][][]
 []


Underfull \hbox (badness 10000) detected at line 216
[][][]
 []

[85]

Package longtable Warning: Column widths have changed
(longtable)                in table 5.94 on input line 229.

[86]

Package longtable Warning: Column widths have changed
(longtable)                in table 5.95 on input line 272.


Underfull \hbox (badness 10000) detected at line 273
[][][]
 []


Package longtable Warning: Column widths have changed
(longtable)                in table 5.96 on input line 288.


Underfull \hbox (badness 10000) detected at line 289
[][][]
 []

[87]) (uart_8c.tex
Underfull \hbox (badness 10000) in paragraph at lines 3--4

 []


Package longtable Warning: Column widths have changed
(longtable)                in table 5.97 on input line 28.

[88]

Package longtable Warning: Column widths have changed
(longtable)                in table 5.98 on input line 41.


Underfull \hbox (badness 10000) detected at line 42
[][][]
 []


Package longtable Warning: Column widths have changed
(longtable)                in table 5.99 on input line 55.


Underfull \hbox (badness 10000) detected at line 56
[][][]
 []


Package longtable Warning: Column widths have changed
(longtable)                in table 5.100 on input line 69.

) (uart_8h.tex
Underfull \hbox (badness 10000) in paragraph at lines 3--4

 []

[89]

Package longtable Warning: Column widths have changed
(longtable)                in table 5.101 on input line 28.


Package longtable Warning: Column widths have changed
(longtable)                in table 5.102 on input line 41.


Underfull \hbox (badness 10000) detected at line 42
[][][]
 []

[90]

Package longtable Warning: Column widths have changed
(longtable)                in table 5.103 on input line 55.


Underfull \hbox (badness 10000) detected at line 56
[][][]
 []


Package longtable Warning: Column widths have changed
(longtable)                in table 5.104 on input line 69.

) (_flash_memory_8c.tex
Underfull \hbox (badness 10000) in paragraph at lines 3--4

 []


Underfull \hbox (badness 10000) in paragraph at lines 9--10
\T1/phv/m/n/10 uint8[]_[]t $\OMS/cmsy/m/n/10 $[]\T1/phv/m/n/10 , uint8[]_[]t $
\OMS/cmsy/m/n/10 $[]\T1/phv/m/n/10 ,
 []

[91]

Package longtable Warning: Column widths have changed
(longtable)                in table 5.105 on input line 26.


Underfull \hbox (badness 10000) detected at line 27
[][][]
 []


Package longtable Warning: Column widths have changed
(longtable)                in table 5.106 on input line 48.


Underfull \hbox (badness 10000) detected at line 49
[][][]
 []

) (_flash_memory_8h.tex
Underfull \hbox (badness 10000) in paragraph at lines 3--6

 []


Underfull \hbox (badness 10000) in paragraph at lines 11--12
\T1/phv/m/n/10 uint8[]_[]t $\OMS/cmsy/m/n/10 $[]\T1/phv/m/n/10 , uint8[]_[]t $
\OMS/cmsy/m/n/10 $[]\T1/phv/m/n/10 ,
 []

[92]

Package longtable Warning: Column widths have changed
(longtable)                in table 5.107 on input line 28.


Underfull \hbox (badness 10000) detected at line 29
[][][]
 []


Package longtable Warning: Column widths have changed
(longtable)                in table 5.108 on input line 50.


Underfull \hbox (badness 10000) detected at line 51
[][][]
 []

) (global_8h.tex
Underfull \hbox (badness 10000) in paragraph at lines 3--9

 []

[93] [94] [95] [96]) (_s_s_n___a_p_i_8h.tex) (_system_tests_8c.tex
Underfull \hbox (badness 10000) in paragraph at lines 3--4

 []

[97]) (_system_tests_8h.tex
Underfull \hbox (badness 10000) in paragraph at lines 3--8

 []

[98]) [99] [100

]
No file refman.ind.

Package longtable Warning: Table widths have changed. Rerun LaTeX.

Package atveryend Info: Empty hook `BeforeClearDocument' on input line 218.
Package atveryend Info: Empty hook `AfterLastShipout' on input line 218.
(refman.aux)
Package atveryend Info: Executing hook `AtVeryEndDocument' on input line 218.
Package atveryend Info: Executing hook `AtEndAfterFileList' on input line 218.


Package rerunfilecheck Warning: File `refman.out' has changed.
(rerunfilecheck)                Rerun to get outlines right
(rerunfilecheck)                or use package `bookmark'.

Package rerunfilecheck Info: Checksums for `refman.out':
(rerunfilecheck)             Before: C4885FAC7483C7E78D3BE87E9CA46B7D;20351
(rerunfilecheck)             After:  4594F26004FA6BB5F6D83B8888F51BF6;20291.

LaTeX Warning: Label(s) may have changed. Rerun to get cross-references right.

 ) 
Here is how much of TeX's memory you used:
 18080 strings out of 492484
 293802 string characters out of 3117977
 516106 words of memory out of 3000000
 21039 multiletter control sequences out of 15000+200000
 61491 words of font info for 78 fonts, out of 3000000 for 9000
 1141 hyphenation exceptions out of 8191
 55i,16n,96p,2047b,628s stack positions out of 5000i,500n,10000p,200000b,50000s
pdfTeX warning (dest): name{subsection.5.15.4} has been referenced but does n
ot exist, replaced by a fixed one

{C:/Users/annuszulfiqar/AppData/Local/Programs/MiKTeX 2.9/fonts/enc/dvips/base/
8r.enc}<C:/Users/annuszulfiqar/AppData/Local/Programs/MiKTeX 2.9/fonts/type1/pu
blic/amsfonts/cm/cmmi10.pfb><C:/Users/annuszulfiqar/AppData/Local/Programs/MiKT
eX 2.9/fonts/type1/public/amsfonts/cm/cmmi7.pfb><C:/Users/annuszulfiqar/AppData
/Local/Programs/MiKTeX 2.9/fonts/type1/public/amsfonts/cm/cmsy10.pfb><C:/Users/
annuszulfiqar/AppData/Local/Programs/MiKTeX 2.9/fonts/type1/public/amsfonts/cm/
cmsy7.pfb><C:/Users/annuszulfiqar/AppData/Local/Programs/MiKTeX 2.9/fonts/type1
/public/amsfonts/cm/cmsy8.pfb><C:/Users/annuszulfiqar/AppData/Local/Programs/Mi
KTeX 2.9/fonts/type1/urw/courier/ucrr8a.pfb><C:/Users/annuszulfiqar/AppData/Loc
al/Programs/MiKTeX 2.9/fonts/type1/urw/courier/ucrro8a.pfb><C:/Users/annuszulfi
qar/AppData/Local/Programs/MiKTeX 2.9/fonts/type1/urw/helvetic/uhvb8a.pfb><C:/U
sers/annuszulfiqar/AppData/Local/Programs/MiKTeX 2.9/fonts/type1/urw/helvetic/u
hvb8ac.pfb><C:/Users/annuszulfiqar/AppData/Local/Programs/MiKTeX 2.9/fonts/type
1/urw/helvetic/uhvr8a.pfb><C:/Users/annuszulfiqar/AppData/Local/Programs/MiKTeX
 2.9/fonts/type1/urw/helvetic/uhvro8a.pfb>
Output written on refman.pdf (104 pages, 596116 bytes).
PDF statistics:
 2497 PDF objects out of 2984 (max. 8388607)
 1027 named destinations out of 1200 (max. 500000)
 633 words of extra memory for PDF output out of 10000 (max. 10000000)

